<?xml version="1.0" encoding="UTF-8"?>
<!-- Generated by org.testng.reporters.JUnitReportReporter -->
<testsuite hostname="DESKTOP-FM8OD3M" failures="0" tests="1" name="practicalpractice.CreateCampaignTest" time="0.018" errors="0" timestamp="2022-03-28T15:01:14 IST" skipped="0">
  <testcase classname="practicalpractice.CreateCampaignTest" name="createCampaignIndustry" time="0.018"/>
  <system-out/>
</testsuite> <!-- practicalpractice.CreateCampaignTest -->
