<?xml version="1.0" encoding="UTF-8"?>
<!-- Generated by org.testng.reporters.JUnitReportReporter -->
<testsuite hostname="DESKTOP-FM8OD3M" failures="0" tests="1" name="practicalpractice.Parameter" time="70.305" errors="0" timestamp="2022-03-28T16:07:17 IST" skipped="0">
  <testcase classname="practicalpractice.Parameter" name="login" time="70.305"/>
  <system-out/>
</testsuite> <!-- practicalpractice.Parameter -->
